<?xml version="1.0" encoding="UTF-8"?>
<!-- Generated by org.testng.reporters.JUnitReportReporter -->
<testsuite hostname="DESKTOP-TDS691D" failures="0" tests="1" name="tutorialstestng.testtttttttt" time="23.679" errors="0" timestamp="29 Nov 2023 12:28:57 GMT" skipped="0">
  <testcase classname="tutorialstestng.testtttttttt" name="test" time="23.679"/>
</testsuite> <!-- tutorialstestng.testtttttttt -->
