<?xml version="1.0" encoding="UTF-8"?>
<!-- Generated by org.testng.reporters.JUnitReportReporter -->
<testsuite hostname="DESKTOP-TDS691D" failures="0" tests="3" name="tutorialstestng.test" time="0.023" errors="0" timestamp="22 Nov 2023 12:35:34 GMT" skipped="0">
  <testcase classname="tutorialstestng.test" name="a2" time="0.003"/>
  <testcase classname="tutorialstestng.test" name="a4" time="0.001"/>
  <testcase classname="tutorialstestng.test" name="a1" time="0.019"/>
</testsuite> <!-- tutorialstestng.test -->
