<?xml version="1.0" encoding="UTF-8"?>
<!-- Generated by org.testng.reporters.JUnitReportReporter -->
<testsuite hostname="DESKTOP-TDS691D" failures="0" tests="1" name="tutorialstestng.testng_parameters" time="6.669" errors="0" timestamp="24 Nov 2023 13:39:12 GMT" skipped="0">
  <testcase classname="tutorialstestng.testng_parameters" name="test" time="6.669"/>
</testsuite> <!-- tutorialstestng.testng_parameters -->
