<?xml version="1.0" encoding="UTF-8"?>
<!-- Generated by org.testng.reporters.JUnitReportReporter -->
<testsuite hostname="DESKTOP-TDS691D" failures="0" tests="1" name="tests.logintest" time="21.722" errors="0" timestamp="09 Dec 2023 15:36:28 GMT" skipped="0">
  <testcase classname="tests.logintest" name="test" time="21.722"/>
</testsuite> <!-- tests.logintest -->
