<?xml version="1.0" encoding="UTF-8"?>
<!-- Generated by org.testng.reporters.JUnitReportReporter -->
<testsuite hostname="DESKTOP-TDS691D" failures="0" tests="2" name="test" time="0.017" errors="0" timestamp="04 Feb 2024 13:44:50 GMT" skipped="0">
  <testcase classname="test" name="test3" time="0.002"/>
  <testcase classname="test" name="test3" time="0.015"/>
</testsuite> <!-- test -->
