<?xml version="1.0" encoding="UTF-8"?>
<!-- Generated by org.testng.reporters.JUnitReportReporter -->
<testsuite hostname="DESKTOP-TDS691D" failures="0" tests="3" name="tutorialstestng.priorityoftestcases" time="0.020" errors="0" timestamp="18 Nov 2023 08:15:14 GMT" skipped="0">
  <testcase classname="tutorialstestng.priorityoftestcases" name="test2" time="0.014"/>
  <testcase classname="tutorialstestng.priorityoftestcases" name="test3" time="0.002"/>
  <testcase classname="tutorialstestng.priorityoftestcases" name="test1" time="0.004"/>
</testsuite> <!-- tutorialstestng.priorityoftestcases -->
