<?xml version="1.0" encoding="UTF-8"?>
<!-- Generated by org.testng.reporters.JUnitReportReporter -->
<testsuite hostname="DESKTOP-HN4CNBF" failures="0" tests="2" name="tests.facebook_createaccounttest" time="46.884" errors="0" timestamp="30 May 2024 12:58:08 GMT" skipped="0">
  <testcase classname="tests.facebook_createaccounttest" name="test" time="21.583"/>
  <testcase classname="tests.facebook_createaccounttest" name="test" time="25.301"/>
</testsuite> <!-- tests.facebook_createaccounttest -->
