<?xml version="1.0" encoding="UTF-8"?>
<!-- Generated by org.testng.reporters.JUnitReportReporter -->
<testsuite hostname="DESKTOP-TDS691D" failures="0" tests="2" name="tutorialstestng.parallelexecution" time="17.066" errors="0" timestamp="30 May 2024 12:18:17 GMT" skipped="0">
  <testcase classname="tutorialstestng.parallelexecution" name="chrometest" time="5.365"/>
  <testcase classname="tutorialstestng.parallelexecution" name="edgetest" time="11.701"/>
</testsuite> <!-- tutorialstestng.parallelexecution -->
