<?xml version="1.0" encoding="UTF-8"?>
<!-- Generated by org.testng.reporters.JUnitReportReporter -->
<testsuite hostname="DESKTOP-TDS691D" failures="0" tests="3" name="tutorialstestng.testng_dataprovider" time="0.021" errors="0" timestamp="24 Nov 2023 13:46:34 GMT" skipped="0">
  <testcase classname="tutorialstestng.testng_dataprovider" name="test" time="0.004"/>
  <testcase classname="tutorialstestng.testng_dataprovider" name="test" time="0.002"/>
  <testcase classname="tutorialstestng.testng_dataprovider" name="test" time="0.015"/>
</testsuite> <!-- tutorialstestng.testng_dataprovider -->
