<?xml version="1.0" encoding="UTF-8"?>
<!-- Generated by org.testng.reporters.JUnitReportReporter -->
<testsuite hostname="DESKTOP-TDS691D" failures="0" tests="3" name="tutorialstestng.groupingtestcases" time="0.016" errors="0" timestamp="18 Nov 2023 10:43:42 GMT" skipped="0">
  <testcase classname="tutorialstestng.groupingtestcases" name="test3" time="0.002"/>
  <testcase classname="tutorialstestng.groupingtestcases" name="test4" time="0.002"/>
  <testcase classname="tutorialstestng.groupingtestcases" name="test2" time="0.012"/>
</testsuite> <!-- tutorialstestng.groupingtestcases -->
